<?xml version="1.0" encoding="UTF-8"?>
<testng-results ignored="0" total="8" passed="8" failed="0" skipped="0">
  <reporter-output>
  </reporter-output>
  <suite started-at="2022-08-05T10:06:37 IST" name="Default suite" finished-at="2022-08-05T10:08:00 IST" duration-ms="82768">
    <groups>
    </groups>
    <test started-at="2022-08-05T10:06:37 IST" name="Default test" finished-at="2022-08-05T10:08:00 IST" duration-ms="82768">
      <class name="com.sgtesting.assignments.CreateUserParameterDemo1">
        <test-method signature="launchBrowser()[pri:1, instance:com.sgtesting.assignments.CreateUserParameterDemo1@71def8f8]" started-at="2022-08-05T10:06:38 IST" name="launchBrowser" finished-at="2022-08-05T10:07:16 IST" duration-ms="38806" status="PASS">
          <reporter-output>
          </reporter-output>
        </test-method> <!-- launchBrowser -->
        <test-method signature="navigate()[pri:2, instance:com.sgtesting.assignments.CreateUserParameterDemo1@71def8f8]" started-at="2022-08-05T10:07:16 IST" name="navigate" finished-at="2022-08-05T10:07:24 IST" duration-ms="7363" status="PASS">
          <reporter-output>
          </reporter-output>
        </test-method> <!-- navigate -->
        <test-method signature="login(java.lang.String,java.lang.String)[pri:3, instance:com.sgtesting.assignments.CreateUserParameterDemo1@71def8f8]" started-at="2022-08-05T10:07:24 IST" name="login" data-provider="getLogin" finished-at="2022-08-05T10:07:29 IST" duration-ms="5070" status="PASS">
          <params>
            <param index="0">
              <value>
                <![CDATA[admin]]>
              </value>
            </param>
            <param index="1">
              <value>
                <![CDATA[manager]]>
              </value>
            </param>
          </params>
          <reporter-output>
          </reporter-output>
        </test-method> <!-- login -->
        <test-method signature="minimizFlyoutWindow()[pri:4, instance:com.sgtesting.assignments.CreateUserParameterDemo1@71def8f8]" started-at="2022-08-05T10:07:29 IST" name="minimizFlyoutWindow" finished-at="2022-08-05T10:07:33 IST" duration-ms="3757" status="PASS">
          <reporter-output>
          </reporter-output>
        </test-method> <!-- minimizFlyoutWindow -->
        <test-method signature="createUser(java.lang.String,java.lang.String,java.lang.String,java.lang.String,java.lang.String,java.lang.String)[pri:5, instance:com.sgtesting.assignments.CreateUserParameterDemo1@71def8f8]" started-at="2022-08-05T10:07:33 IST" name="createUser" data-provider="getUser" finished-at="2022-08-05T10:07:47 IST" duration-ms="14271" status="PASS">
          <params>
            <param index="0">
              <value>
                <![CDATA[demo]]>
              </value>
            </param>
            <param index="1">
              <value>
                <![CDATA[User1]]>
              </value>
            </param>
            <param index="2">
              <value>
                <![CDATA[hi@gmail.com]]>
              </value>
            </param>
            <param index="3">
              <value>
                <![CDATA[shalini]]>
              </value>
            </param>
            <param index="4">
              <value>
                <![CDATA[1234]]>
              </value>
            </param>
            <param index="5">
              <value>
                <![CDATA[1234]]>
              </value>
            </param>
          </params>
          <reporter-output>
          </reporter-output>
        </test-method> <!-- createUser -->
        <test-method signature="deleteUser()[pri:6, instance:com.sgtesting.assignments.CreateUserParameterDemo1@71def8f8]" started-at="2022-08-05T10:07:47 IST" name="deleteUser" finished-at="2022-08-05T10:07:55 IST" duration-ms="7236" status="PASS">
          <reporter-output>
          </reporter-output>
        </test-method> <!-- deleteUser -->
        <test-method signature="Logout()[pri:7, instance:com.sgtesting.assignments.CreateUserParameterDemo1@71def8f8]" started-at="2022-08-05T10:07:55 IST" name="Logout" finished-at="2022-08-05T10:07:57 IST" duration-ms="2565" status="PASS">
          <reporter-output>
          </reporter-output>
        </test-method> <!-- Logout -->
        <test-method signature="CloseApplication()[pri:8, instance:com.sgtesting.assignments.CreateUserParameterDemo1@71def8f8]" started-at="2022-08-05T10:07:57 IST" name="CloseApplication" finished-at="2022-08-05T10:08:00 IST" duration-ms="2892" status="PASS">
          <reporter-output>
          </reporter-output>
        </test-method> <!-- CloseApplication -->
      </class> <!-- com.sgtesting.assignments.CreateUserParameterDemo1 -->
    </test> <!-- Default test -->
  </suite> <!-- Default suite -->
</testng-results>
