<?xml version="1.0" encoding="UTF-8"?>
<!-- Generated by org.testng.reporters.JUnitXMLReporter -->
<testsuite ignored="0" hostname="DESKTOP-SO0OTG0" failures="0" tests="8" name="Default test" time="82.768" errors="0" timestamp="2022-08-05T10:08:00 IST">
  <testcase classname="com.sgtesting.assignments.CreateUserParameterDemo1" name="launchBrowser" time="38.806"/>
  <testcase classname="com.sgtesting.assignments.CreateUserParameterDemo1" name="navigate" time="7.363"/>
  <testcase classname="com.sgtesting.assignments.CreateUserParameterDemo1" name="login" time="5.07"/>
  <testcase classname="com.sgtesting.assignments.CreateUserParameterDemo1" name="minimizFlyoutWindow" time="3.757"/>
  <testcase classname="com.sgtesting.assignments.CreateUserParameterDemo1" name="createUser" time="14.271"/>
  <testcase classname="com.sgtesting.assignments.CreateUserParameterDemo1" name="deleteUser" time="7.236"/>
  <testcase classname="com.sgtesting.assignments.CreateUserParameterDemo1" name="Logout" time="2.565"/>
  <testcase classname="com.sgtesting.assignments.CreateUserParameterDemo1" name="CloseApplication" time="2.892"/>
</testsuite> <!-- Default test -->
