<?xml version="1.0" encoding="UTF-8"?>
<!-- Generated by org.testng.reporters.JUnitXMLReporter -->
<testsuite ignored="0" hostname="DESKTOP-SO0OTG0" failures="0" tests="65" name="Maven projects" time="166.306" errors="0" timestamp="2022-07-29T10:35:21 IST">
  <testcase classname="com.sgtesting.assignments.CreateUserScenario" name="launchbrowser" time="16.239"/>
  <testcase classname="com.sgtesting.assignments.CreateUserScenario" name="navigate" time="5.895"/>
  <testcase classname="com.sgtesting.assignments.CreateUserScenario" name="minimizeflyoutwindow" time="0.193"/>
  <testcase classname="com.sgtesting.assignments.CreateUserScenario" name="login" time="3.847"/>
  <testcase classname="com.sgtesting.assignments.CreateUserScenario" name="createuser" time="0.044"/>
  <testcase classname="com.sgtesting.assignments.CreateUserScenario" name="deleteuser" time="0.117"/>
  <testcase classname="com.sgtesting.assignments.CreateUserScenario" name="closeApplicatin" time="0.505"/>
  <testcase classname="com.sgtesting.assignments.CreateModifyUser" name="launchbrowser" time="4.523"/>
  <testcase classname="com.sgtesting.assignments.CreateModifyUser" name="navigate" time="3.515"/>
  <testcase classname="com.sgtesting.assignments.CreateModifyUser" name="login" time="3.429"/>
  <testcase classname="com.sgtesting.assignments.CreateModifyUser" name="minimizeflyoutwindow" time="0.125"/>
  <testcase classname="com.sgtesting.assignments.CreateModifyUser" name="createuser" time="0.35"/>
  <testcase classname="com.sgtesting.assignments.CreateModifyUser" name="modifyuser" time="0.283"/>
  <testcase classname="com.sgtesting.assignments.CreateModifyUser" name="deleteuser" time="0.084"/>
  <testcase classname="com.sgtesting.assignments.CreateModifyUser" name="closeApplicatin" time="0.684"/>
  <testcase classname="com.sgtesting.assignments.CreateCustomer" name="launchbrowser" time="5.477"/>
  <testcase classname="com.sgtesting.assignments.CreateCustomer" name="navigate" time="3.644"/>
  <testcase classname="com.sgtesting.assignments.CreateCustomer" name="minimizeflyoutwindow" time="12.199"/>
  <testcase classname="com.sgtesting.assignments.CreateCustomer" name="login" time="12.17"/>
  <testcase classname="com.sgtesting.assignments.CreateCustomer" name="createcustomer" time="12.166"/>
  <testcase classname="com.sgtesting.assignments.CreateCustomer" name="deletecustomer" time="12.208"/>
  <testcase classname="com.sgtesting.assignments.CreateCustomer" name="logout" time="12.156"/>
  <testcase classname="com.sgtesting.assignments.CreateCustomer" name="closeApplicatin" time="0.207"/>
  <testcase classname="com.sgtesting.assignments.ModifyCustomer" name="launchBrowser" time="4.378"/>
  <testcase classname="com.sgtesting.assignments.ModifyCustomer" name="navigate" time="3.332"/>
  <testcase classname="com.sgtesting.assignments.ModifyCustomer" name="minimizeflyoutwindow" time="0.041"/>
  <testcase classname="com.sgtesting.assignments.ModifyCustomer" name="login" time="4.786"/>
  <testcase classname="com.sgtesting.assignments.ModifyCustomer" name="createcustomer" time="0.05"/>
  <testcase classname="com.sgtesting.assignments.ModifyCustomer" name="modifycustomer" time="0.029"/>
  <testcase classname="com.sgtesting.assignments.ModifyCustomer" name="deletecustomer" time="0.06"/>
  <testcase classname="com.sgtesting.assignments.ModifyCustomer" name="logout" time="0.077"/>
  <testcase classname="com.sgtesting.assignments.ModifyCustomer" name="closeApplicatin" time="0.221"/>
  <testcase classname="com.sgtesting.assignments.CopyProject" name="launchBrowser" time="6.649"/>
  <testcase classname="com.sgtesting.assignments.CopyProject" name="navigate" time="3.359"/>
  <testcase classname="com.sgtesting.assignments.CopyProject" name="minimizeflyoutwindow" time="0.093"/>
  <testcase classname="com.sgtesting.assignments.CopyProject" name="login" time="4.554"/>
  <testcase classname="com.sgtesting.assignments.CopyProject" name="createcustomer" time="0.049"/>
  <testcase classname="com.sgtesting.assignments.CopyProject" name="createproject" time="0.032"/>
  <testcase classname="com.sgtesting.assignments.CopyProject" name="deleteproject" time="0.05"/>
  <testcase classname="com.sgtesting.assignments.CopyProject" name="deletecustomer" time="0.047"/>
  <testcase classname="com.sgtesting.assignments.CopyProject" name="logout" time="0.074"/>
  <testcase classname="com.sgtesting.assignments.CopyProject" name="closeApplicatin" time="0.325"/>
  <testcase classname="com.sgtesting.assignments.ModifyProject" name="launchBrowser" time="4.622"/>
  <testcase classname="com.sgtesting.assignments.ModifyProject" name="navigate" time="4.384"/>
  <testcase classname="com.sgtesting.assignments.ModifyProject" name="minimizeflyoutwindow" time="0.079"/>
  <testcase classname="com.sgtesting.assignments.ModifyProject" name="login" time="5.465"/>
  <testcase classname="com.sgtesting.assignments.ModifyProject" name="createcustomer" time="0.042"/>
  <testcase classname="com.sgtesting.assignments.ModifyProject" name="createproject" time="0.037"/>
  <testcase classname="com.sgtesting.assignments.ModifyProject" name="modifyproject" time="0.043"/>
  <testcase classname="com.sgtesting.assignments.ModifyProject" name="deleteproject" time="0.046"/>
  <testcase classname="com.sgtesting.assignments.ModifyProject" name="deletecustomer" time="0.048"/>
  <testcase classname="com.sgtesting.assignments.ModifyProject" name="logout" time="0.099"/>
  <testcase classname="com.sgtesting.assignments.ModifyProject" name="closeApplicatin" time="0.252"/>
  <testcase classname="com.sgtesting.assignments.CreateTask" name="launchBrowser" time="2.616"/>
  <testcase classname="com.sgtesting.assignments.CreateTask" name="navigate" time="3.578"/>
  <testcase classname="com.sgtesting.assignments.CreateTask" name="minimizeflyoutwindow" time="0.059"/>
  <testcase classname="com.sgtesting.assignments.CreateTask" name="login" time="4.569"/>
  <testcase classname="com.sgtesting.assignments.CreateTask" name="createcustomer" time="0.071"/>
  <testcase classname="com.sgtesting.assignments.CreateTask" name="createproject" time="0.038"/>
  <testcase classname="com.sgtesting.assignments.CreateTask" name="createtask" time="0.106"/>
  <testcase classname="com.sgtesting.assignments.CreateTask" name="deletetask" time="0.117"/>
  <testcase classname="com.sgtesting.assignments.CreateTask" name="deleteproject" time="0.119"/>
  <testcase classname="com.sgtesting.assignments.CreateTask" name="deletecustomer" time="0.05"/>
  <testcase classname="com.sgtesting.assignments.CreateTask" name="logout" time="0.092"/>
  <testcase classname="com.sgtesting.assignments.CreateTask" name="closeApplicatin" time="0.779"/>
</testsuite> <!-- Maven projects -->
