<?xml version="1.0" encoding="UTF-8"?>
<!-- Generated by org.testng.reporters.JUnitXMLReporter -->
<testsuite ignored="0" hostname="DESKTOP-SO0OTG0" failures="0" tests="58" name="Mavenprojects" time="217.464" errors="0" timestamp="2022-07-31T17:13:26 IST">
  <testcase classname="com.sgtesting.assignments.CreateUserParameterDemo1" name="launchBrowser" time="6.844"/>
  <testcase classname="com.sgtesting.assignments.CreateUserParameterDemo1" name="navigate" time="4.62"/>
  <testcase classname="com.sgtesting.assignments.CreateUserParameterDemo1" name="login" time="3.374"/>
  <testcase classname="com.sgtesting.assignments.CreateUserParameterDemo1" name="minimizFlyoutWindow" time="3.774"/>
  <testcase classname="com.sgtesting.assignments.CreateUserParameterDemo1" name="createUser" time="14.532"/>
  <testcase classname="com.sgtesting.assignments.CreateUserParameterDemo1" name="deleteUser" time="7.917"/>
  <testcase classname="com.sgtesting.assignments.CreateUserParameterDemo1" name="Logout" time="2.484"/>
  <testcase classname="com.sgtesting.assignments.CreateUserParameterDemo1" name="CloseApplication" time="0.644"/>
  <testcase classname="com.sgtesting.assignments.ModifyUser" name="launchBrowser" time="3.149"/>
  <testcase classname="com.sgtesting.assignments.ModifyUser" name="navigate" time="3.098"/>
  <testcase classname="com.sgtesting.assignments.ModifyUser" name="login" time="2.476"/>
  <testcase classname="com.sgtesting.assignments.ModifyUser" name="minimizFlyoutWindow" time="2.094"/>
  <testcase classname="com.sgtesting.assignments.ModifyUser" name="createUser" time="10.38"/>
  <testcase classname="com.sgtesting.assignments.ModifyUser" name="ModifyUser1" time="8.139"/>
  <testcase classname="com.sgtesting.assignments.ModifyUser" name="deleteUser" time="6.362"/>
  <testcase classname="com.sgtesting.assignments.ModifyUser" name="Logout" time="2.443"/>
  <testcase classname="com.sgtesting.assignments.ModifyUser" name="CloseApplication" time="0.627"/>
  <testcase classname="com.sgtesting.assignments.CreateCustomerParameterize" name="launchBrowser" time="3.087"/>
  <testcase classname="com.sgtesting.assignments.CreateCustomerParameterize" name="navigate" time="3.096"/>
  <testcase classname="com.sgtesting.assignments.CreateCustomerParameterize" name="login" time="2.464"/>
  <testcase classname="com.sgtesting.assignments.CreateCustomerParameterize" name="minimizFlyoutWindow" time="2.098"/>
  <testcase classname="com.sgtesting.assignments.CreateCustomerParameterize" name="createcustomer" time="7.602"/>
  <testcase classname="com.sgtesting.assignments.CreateCustomerParameterize" name="deletecustomer" time="4.644"/>
  <testcase classname="com.sgtesting.assignments.CreateCustomerParameterize" name="Logout" time="2.785"/>
  <testcase classname="com.sgtesting.assignments.CreateCustomerParameterize" name="CloseApplication" time="0.564"/>
  <testcase classname="com.sgtesting.assignments.CreateProjectParameterize" name="launchBrowser" time="2.847"/>
  <testcase classname="com.sgtesting.assignments.CreateProjectParameterize" name="navigate" time="3.38"/>
  <testcase classname="com.sgtesting.assignments.CreateProjectParameterize" name="login" time="2.395"/>
  <testcase classname="com.sgtesting.assignments.CreateProjectParameterize" name="minimizFlyoutWindow" time="2.099"/>
  <testcase classname="com.sgtesting.assignments.CreateProjectParameterize" name="createcustomer" time="7.561"/>
  <testcase classname="com.sgtesting.assignments.CreateProjectParameterize" name="createproject" time="4.575"/>
  <testcase classname="com.sgtesting.assignments.CreateProjectParameterize" name="deletecustomer" time="4.562"/>
  <testcase classname="com.sgtesting.assignments.CreateProjectParameterize" name="deleteproject" time="0.05"/>
  <testcase classname="com.sgtesting.assignments.CreateProjectParameterize" name="Logout" time="2.759"/>
  <testcase classname="com.sgtesting.assignments.CreateProjectParameterize" name="CloseApplication" time="0.565"/>
  <testcase classname="com.sgtesting.assignments.ModifyProjectParameterize" name="launchBrowser" time="2.784"/>
  <testcase classname="com.sgtesting.assignments.ModifyProjectParameterize" name="navigate" time="3.083"/>
  <testcase classname="com.sgtesting.assignments.ModifyProjectParameterize" name="login" time="2.483"/>
  <testcase classname="com.sgtesting.assignments.ModifyProjectParameterize" name="minimizFlyoutWindow" time="2.094"/>
  <testcase classname="com.sgtesting.assignments.ModifyProjectParameterize" name="createcustomer" time="7.603"/>
  <testcase classname="com.sgtesting.assignments.ModifyProjectParameterize" name="createproject" time="4.646"/>
  <testcase classname="com.sgtesting.assignments.ModifyProjectParameterize" name="deleteproject" time="4.569"/>
  <testcase classname="com.sgtesting.assignments.ModifyProjectParameterize" name="modifyproject" time="0.064"/>
  <testcase classname="com.sgtesting.assignments.ModifyProjectParameterize" name="deletecustomer" time="4.482"/>
  <testcase classname="com.sgtesting.assignments.ModifyProjectParameterize" name="Logout" time="2.447"/>
  <testcase classname="com.sgtesting.assignments.ModifyProjectParameterize" name="CloseApplication" time="0.899"/>
  <testcase classname="com.sgtesting.assignments.CreateTaskParameterize" name="launchBrowser" time="2.817"/>
  <testcase classname="com.sgtesting.assignments.CreateTaskParameterize" name="navigate" time="3.087"/>
  <testcase classname="com.sgtesting.assignments.CreateTaskParameterize" name="login" time="2.462"/>
  <testcase classname="com.sgtesting.assignments.CreateTaskParameterize" name="minimizFlyoutWindow" time="2.103"/>
  <testcase classname="com.sgtesting.assignments.CreateTaskParameterize" name="createcustomer" time="7.618"/>
  <testcase classname="com.sgtesting.assignments.CreateTaskParameterize" name="createproject" time="4.662"/>
  <testcase classname="com.sgtesting.assignments.CreateTaskParameterize" name="createTask" time="6.634"/>
  <testcase classname="com.sgtesting.assignments.CreateTaskParameterize" name="DeleteTask" time="0.248"/>
  <testcase classname="com.sgtesting.assignments.CreateTaskParameterize" name="deleteproject" time="4.531"/>
  <testcase classname="com.sgtesting.assignments.CreateTaskParameterize" name="deletecustomer" time="4.535"/>
  <testcase classname="com.sgtesting.assignments.CreateTaskParameterize" name="Logout" time="2.538"/>
  <testcase classname="com.sgtesting.assignments.CreateTaskParameterize" name="CloseApplication" time="0.551"/>
</testsuite> <!-- Mavenprojects -->
